生成启动时间为 2016/5/5 21:21:37。
     1>项目“F:\编程\VS2010\MathFuncsDll\MathFuncsDll\MathFuncsDll.vcxproj”在节点 2 上(rebuild 个目标)。
     1>_PrepareForClean:
         正在删除文件“Debug\MathFuncsDll.lastbuildstate”。
       InitializeBuildStatus:
         正在创建“Debug\MathFuncsDll.unsuccessfulbuild”，因为已指定“AlwaysCreate”。
       ClCompile:
         D:\Program Files (x86)\Microsoft Visual Studio 10.0\VC\bin\CL.exe /c /ZI /nologo /W3 /WX- /Od /Oy- /D WIN32 /D _DEBUG /D _WINDOWS /D _USRDLL /D MATHFUNCSDLL_EXPORTS /D _WINDLL /D _UNICODE /D UNICODE /Gm /EHsc /RTC1 /MDd /GS /fp:precise /Zc:wchar_t /Zc:forScope /Fo"Debug\\" /Fd"Debug\vc100.pdb" /Gd /TP /analyze- /errorReport:prompt MathFuncsDll.cpp
         MathFuncsDll.cpp
       ManifestResourceCompile:
         C:\Program Files (x86)\Microsoft SDKs\Windows\v7.0A\bin\rc.exe /nologo /fo"Debug\MathFuncsDll.dll.embed.manifest.res" Debug\MathFuncsDll_manifest.rc 
       Link:
         D:\Program Files (x86)\Microsoft Visual Studio 10.0\VC\bin\link.exe /ERRORREPORT:PROMPT /OUT:"F:\编程\VS2010\MathFuncsDll\Debug\MathFuncsDll.dll" /INCREMENTAL /NOLOGO kernel32.lib user32.lib gdi32.lib winspool.lib comdlg32.lib advapi32.lib shell32.lib ole32.lib oleaut32.lib uuid.lib odbc32.lib odbccp32.lib /MANIFEST /ManifestFile:"Debug\MathFuncsDll.dll.intermediate.manifest" /MANIFESTUAC:"level='asInvoker' uiAccess='false'" /DEBUG /PDB:"F:\编程\VS2010\MathFuncsDll\Debug\MathFuncsDll.pdb" /SUBSYSTEM:WINDOWS /TLBID:1 /DYNAMICBASE /NXCOMPAT /IMPLIB:"F:\编程\VS2010\MathFuncsDll\Debug\MathFuncsDll.lib" /MACHINE:X86 /DLL Debug\MathFuncsDll.dll.embed.manifest.res
         Debug\MathFuncsDll.obj
            正在创建库 F:\编程\VS2010\MathFuncsDll\Debug\MathFuncsDll.lib 和对象 F:\编程\VS2010\MathFuncsDll\Debug\MathFuncsDll.exp
       Manifest:
         正在删除文件“Debug\MathFuncsDll.dll.embed.manifest”。
         C:\Program Files (x86)\Microsoft SDKs\Windows\v7.0A\bin\mt.exe /nologo /verbose /out:"Debug\MathFuncsDll.dll.embed.manifest" /manifest Debug\MathFuncsDll.dll.intermediate.manifest
         C:\Program Files (x86)\Microsoft SDKs\Windows\v7.0A\bin\rc.exe /nologo /fo"Debug\MathFuncsDll.dll.embed.manifest.res" Debug\MathFuncsDll_manifest.rc 
       LinkEmbedManifest:
         D:\Program Files (x86)\Microsoft Visual Studio 10.0\VC\bin\link.exe /ERRORREPORT:PROMPT /OUT:"F:\编程\VS2010\MathFuncsDll\Debug\MathFuncsDll.dll" /INCREMENTAL /NOLOGO kernel32.lib user32.lib gdi32.lib winspool.lib comdlg32.lib advapi32.lib shell32.lib ole32.lib oleaut32.lib uuid.lib odbc32.lib odbccp32.lib /MANIFEST /ManifestFile:"Debug\MathFuncsDll.dll.intermediate.manifest" /MANIFESTUAC:"level='asInvoker' uiAccess='false'" /DEBUG /PDB:"F:\编程\VS2010\MathFuncsDll\Debug\MathFuncsDll.pdb" /SUBSYSTEM:WINDOWS /TLBID:1 /DYNAMICBASE /NXCOMPAT /IMPLIB:"F:\编程\VS2010\MathFuncsDll\Debug\MathFuncsDll.lib" /MACHINE:X86 /DLL Debug\MathFuncsDll.dll.embed.manifest.res
         Debug\MathFuncsDll.obj
            正在创建库 F:\编程\VS2010\MathFuncsDll\Debug\MathFuncsDll.lib 和对象 F:\编程\VS2010\MathFuncsDll\Debug\MathFuncsDll.exp
         MathFuncsDll.vcxproj -> F:\编程\VS2010\MathFuncsDll\Debug\MathFuncsDll.dll
       FinalizeBuildStatus:
         正在删除文件“Debug\MathFuncsDll.unsuccessfulbuild”。
         正在对“Debug\MathFuncsDll.lastbuildstate”执行 Touch 任务。
     1>已完成生成项目“F:\编程\VS2010\MathFuncsDll\MathFuncsDll\MathFuncsDll.vcxproj”(rebuild 个目标)的操作。

生成成功。

已用时间 00:00:00.92
