F:\编程\VS2010\MATHFUNCSDLL\DEBUG\MATHFUNCSDLL.DLL
F:\编程\VS2010\MathFuncsDll\Debug\MathFuncsDll.exp
F:\编程\VS2010\MATHFUNCSDLL\DEBUG\MATHFUNCSDLL.ILK
F:\编程\VS2010\MathFuncsDll\Debug\MathFuncsDll.lib
F:\编程\VS2010\MATHFUNCSDLL\DEBUG\MATHFUNCSDLL.PDB
F:\编程\VS2010\MathFuncsDll\MathFuncsDll\Debug\cl.command.1.tlog
F:\编程\VS2010\MathFuncsDll\MathFuncsDll\Debug\CL.read.1.tlog
F:\编程\VS2010\MathFuncsDll\MathFuncsDll\Debug\CL.write.1.tlog
F:\编程\VS2010\MathFuncsDll\MathFuncsDll\Debug\link.154292.read.1.tlog
F:\编程\VS2010\MathFuncsDll\MathFuncsDll\Debug\link.154292.write.1.tlog
F:\编程\VS2010\MathFuncsDll\MathFuncsDll\Debug\link.154292-cvtres.read.1.tlog
F:\编程\VS2010\MathFuncsDll\MathFuncsDll\Debug\link.154292-cvtres.write.1.tlog
F:\编程\VS2010\MathFuncsDll\MathFuncsDll\Debug\link.command.1.tlog
F:\编程\VS2010\MathFuncsDll\MathFuncsDll\Debug\link.read.1.tlog
F:\编程\VS2010\MathFuncsDll\MathFuncsDll\Debug\link.write.1.tlog
F:\编程\VS2010\MathFuncsDll\MathFuncsDll\Debug\link-cvtres.read.1.tlog
F:\编程\VS2010\MathFuncsDll\MathFuncsDll\Debug\link-cvtres.write.1.tlog
F:\编程\VS2010\MATHFUNCSDLL\MATHFUNCSDLL\DEBUG\MATHFUNCSDLL.DLL.EMBED.MANIFEST
F:\编程\VS2010\MATHFUNCSDLL\MATHFUNCSDLL\DEBUG\MATHFUNCSDLL.DLL.EMBED.MANIFEST.RES
F:\编程\VS2010\MATHFUNCSDLL\MATHFUNCSDLL\DEBUG\MATHFUNCSDLL.DLL.INTERMEDIATE.MANIFEST
F:\编程\VS2010\MATHFUNCSDLL\MATHFUNCSDLL\DEBUG\MATHFUNCSDLL.OBJ
F:\编程\VS2010\MathFuncsDll\MathFuncsDll\Debug\MathFuncsDll.write.1.tlog
F:\编程\VS2010\MathFuncsDll\MathFuncsDll\Debug\MathFuncsDll_manifest.rc
F:\编程\VS2010\MathFuncsDll\MathFuncsDll\Debug\mt.command.1.tlog
F:\编程\VS2010\MathFuncsDll\MathFuncsDll\Debug\mt.read.1.tlog
F:\编程\VS2010\MathFuncsDll\MathFuncsDll\Debug\mt.write.1.tlog
F:\编程\VS2010\MathFuncsDll\MathFuncsDll\Debug\rc.command.1.tlog
F:\编程\VS2010\MathFuncsDll\MathFuncsDll\Debug\rc.read.1.tlog
F:\编程\VS2010\MathFuncsDll\MathFuncsDll\Debug\rc.write.1.tlog
F:\编程\VS2010\MathFuncsDll\MathFuncsDll\Debug\vc100.idb
F:\编程\VS2010\MATHFUNCSDLL\MATHFUNCSDLL\DEBUG\VC100.PDB
