生成启动时间为 2017/6/29 9:32:59。
     1>项目“F:\编程\DesignPattern\DesignPattern\DesignPattern.vcxproj”在节点 2 上(build 个目标)。
     1>InitializeBuildStatus:
         正在创建“Debug\DesignPattern.unsuccessfulbuild”，因为已指定“AlwaysCreate”。
       ClCompile:
         D:\Program Files (x86)\Microsoft Visual Studio 10.0\VC\bin\CL.exe /c /I"D:\Program Files (x86)\Visual Leak Detector\include" /ZI /nologo /W3 /WX- /Od /Oy- /D WIN32 /D _DEBUG /D _CONSOLE /D _UNICODE /D UNICODE /Gm /EHsc /RTC1 /MDd /GS /fp:precise /Zc:wchar_t /Zc:forScope /Fo"Debug\\" /Fd"Debug\vc100.pdb" /Gd /TP /analyze- /errorReport:prompt AbstractFactory.cpp Aggregate.cpp BuilderPattern.cpp CompositePattern.cpp Country.cpp DecoratorPattern.cpp FacedePattern.cpp FactoryMethod.cpp Iterator.cpp main.cpp MementoPattern.cpp Observer.cpp PrototypePattern.cpp ProxyPattern.cpp SimpleFactory.cpp State.cpp StrategyPattern.cpp Subject.cpp TemplateMethod.cpp UnitedNations.cpp Work.cpp
         Work.cpp
     1>f:\编程\designpattern\designpattern\state.h(4): warning C4091: “extern ”: 没有声明变量时忽略“Work”的左侧
         UnitedNations.cpp
         TemplateMethod.cpp
         Subject.cpp
         StrategyPattern.cpp
         State.cpp
     1>f:\编程\designpattern\designpattern\state.h(4): warning C4091: “extern ”: 没有声明变量时忽略“Work”的左侧
         SimpleFactory.cpp
         ProxyPattern.cpp
         PrototypePattern.cpp
         Observer.cpp
         MementoPattern.cpp
         main.cpp
     1>f:\编程\designpattern\designpattern\state.h(4): warning C4091: “extern ”: 没有声明变量时忽略“Work”的左侧
     1>f:\编程\designpattern\designpattern\commandpattern.h(84): warning C4996: 'asctime': This function or variable may be unsafe. Consider using asctime_s instead. To disable deprecation, use _CRT_SECURE_NO_WARNINGS. See online help for details.
                 d:\program files (x86)\microsoft visual studio 10.0\vc\include\time.h(153) : 参见“asctime”的声明
     1>f:\编程\designpattern\designpattern\commandpattern.h(84): warning C4996: 'gmtime': This function or variable may be unsafe. Consider using gmtime_s instead. To disable deprecation, use _CRT_SECURE_NO_WARNINGS. See online help for details.
                 d:\program files (x86)\microsoft visual studio 10.0\vc\include\time.inl(99) : 参见“gmtime”的声明
         Iterator.cpp
     1>f:\编程\designpattern\designpattern\iterator.cpp(15): warning C4018: “<”: 有符号/无符号不匹配
     1>f:\编程\designpattern\designpattern\iterator.cpp(21): warning C4018: “>=”: 有符号/无符号不匹配
         FactoryMethod.cpp
         FacedePattern.cpp
         DecoratorPattern.cpp
         Country.cpp
         CompositePattern.cpp
         BuilderPattern.cpp
         Aggregate.cpp
         正在生成代码...
     1>f:\编程\designpattern\designpattern\iterator.cpp(18): warning C4715: “ConcreteIterator::Next”: 不是所有的控件路径都返回值
     1>f:\编程\designpattern\designpattern\iterator.cpp(45): warning C4715: “ConcreteIteratorDesc::Next”: 不是所有的控件路径都返回值
         正在编译...
         AbstractFactory.cpp
         正在生成代码...
       ManifestResourceCompile:
         所有输出均为最新。
       Link:
         D:\Program Files (x86)\Microsoft Visual Studio 10.0\VC\bin\link.exe /ERRORREPORT:PROMPT /OUT:"F:\编程\DesignPattern\Debug\DesignPattern.exe" /INCREMENTAL /NOLOGO /LIBPATH:"D:\Program Files (x86)\Visual Leak Detector\lib\Win32" kernel32.lib user32.lib gdi32.lib winspool.lib comdlg32.lib advapi32.lib shell32.lib ole32.lib oleaut32.lib uuid.lib odbc32.lib odbccp32.lib /MANIFEST /ManifestFile:"Debug\DesignPattern.exe.intermediate.manifest" /MANIFESTUAC:"level='asInvoker' uiAccess='false'" /DEBUG /PDB:"F:\编程\DesignPattern\Debug\DesignPattern.pdb" /SUBSYSTEM:CONSOLE /TLBID:1 /DYNAMICBASE /NXCOMPAT /IMPLIB:"F:\编程\DesignPattern\Debug\DesignPattern.lib" /MACHINE:X86 Debug\DesignPattern.exe.embed.manifest.res
         Debug\AbstractFactory.obj
         Debug\Aggregate.obj
         Debug\BuilderPattern.obj
         Debug\CompositePattern.obj
         Debug\Country.obj
         Debug\DecoratorPattern.obj
         Debug\FacedePattern.obj
         Debug\FactoryMethod.obj
         Debug\Iterator.obj
         Debug\main.obj
         Debug\MementoPattern.obj
         Debug\Observer.obj
         Debug\PrototypePattern.obj
         Debug\ProxyPattern.obj
         Debug\SimpleFactory.obj
         Debug\State.obj
         Debug\StrategyPattern.obj
         Debug\Subject.obj
         Debug\TemplateMethod.obj
         Debug\UnitedNations.obj
         Debug\Work.obj
       Manifest:
         C:\Program Files (x86)\Microsoft SDKs\Windows\v7.0A\bin\mt.exe /nologo /verbose /out:"Debug\DesignPattern.exe.embed.manifest" /manifest Debug\DesignPattern.exe.intermediate.manifest
         所有输出均为最新。
       LinkEmbedManifest:
         所有输出均为最新。
         DesignPattern.vcxproj -> F:\编程\DesignPattern\Debug\DesignPattern.exe
       FinalizeBuildStatus:
         正在删除文件“Debug\DesignPattern.unsuccessfulbuild”。
         正在对“Debug\DesignPattern.lastbuildstate”执行 Touch 任务。
     1>已完成生成项目“F:\编程\DesignPattern\DesignPattern\DesignPattern.vcxproj”(build 个目标)的操作。

生成成功。

已用时间 00:00:05.62
