生成启动时间为 2016/5/5 21:19:07。
     1>项目“F:\编程\VS2010\StaticLibrary\LibCall\LibCall.vcxproj”在节点 2 上(build 个目标)。
     1>InitializeBuildStatus:
         正在创建“Debug\LibCall.unsuccessfulbuild”，因为已指定“AlwaysCreate”。
       ClCompile:
         所有输出均为最新。
       ManifestResourceCompile:
         所有输出均为最新。
       Link:
         D:\Program Files (x86)\Microsoft Visual Studio 10.0\VC\bin\link.exe /ERRORREPORT:PROMPT /OUT:"F:\编程\VS2010\StaticLibrary\Debug\LibCall.exe" /INCREMENTAL /NOLOGO kernel32.lib user32.lib gdi32.lib winspool.lib comdlg32.lib advapi32.lib shell32.lib ole32.lib oleaut32.lib uuid.lib odbc32.lib odbccp32.lib /MANIFEST /ManifestFile:"Debug\LibCall.exe.intermediate.manifest" /MANIFESTUAC:"level='asInvoker' uiAccess='false'" /DEBUG /PDB:"F:\编程\VS2010\StaticLibrary\Debug\LibCall.pdb" /SUBSYSTEM:CONSOLE /TLBID:1 /DYNAMICBASE /NXCOMPAT /IMPLIB:"F:\编程\VS2010\StaticLibrary\Debug\LibCall.lib" /MACHINE:X86 Debug\LibCall.exe.embed.manifest.res
         Debug\libCall.obj
       Manifest:
         C:\Program Files (x86)\Microsoft SDKs\Windows\v7.0A\bin\mt.exe /nologo /verbose /out:"Debug\LibCall.exe.embed.manifest" /manifest Debug\LibCall.exe.intermediate.manifest
         所有输出均为最新。
       LinkEmbedManifest:
         所有输出均为最新。
         LibCall.vcxproj -> F:\编程\VS2010\StaticLibrary\Debug\LibCall.exe
       FinalizeBuildStatus:
         正在删除文件“Debug\LibCall.unsuccessfulbuild”。
         正在对“Debug\LibCall.lastbuildstate”执行 Touch 任务。
     1>已完成生成项目“F:\编程\VS2010\StaticLibrary\LibCall\LibCall.vcxproj”(build 个目标)的操作。

生成成功。

已用时间 00:00:00.21
