F:\VS2010\MATHFUNCSDLL\DEBUG\MYEXECREFSDLL.EXE
F:\VS2010\MATHFUNCSDLL\DEBUG\MYEXECREFSDLL.ILK
F:\VS2010\MATHFUNCSDLL\DEBUG\MYEXECREFSDLL.PDB
F:\VS2010\MATHFUNCSDLL\MYEXECREFSDLL\DEBUG\MYEXECREFSDLL.EXE.EMBED.MANIFEST
F:\VS2010\MATHFUNCSDLL\MYEXECREFSDLL\DEBUG\MYEXECREFSDLL.EXE.EMBED.MANIFEST.RES
F:\VS2010\MATHFUNCSDLL\MYEXECREFSDLL\DEBUG\MYEXECREFSDLL.EXE.INTERMEDIATE.MANIFEST
F:\VS2010\MATHFUNCSDLL\MYEXECREFSDLL\DEBUG\MYEXECREFSDLL.OBJ
F:\VS2010\MATHFUNCSDLL\MYEXECREFSDLL\DEBUG\VC100.PDB
F:\编程\VS2010\MathFuncsDll\Debug\MyExecRefsDll.exe
F:\编程\VS2010\MathFuncsDll\Debug\MyExecRefsDll.ilk
F:\编程\VS2010\MathFuncsDll\Debug\MyExecRefsDll.pdb
F:\编程\VS2010\MathFuncsDll\MyExecRefsDll\Debug\cl.command.1.tlog
F:\编程\VS2010\MathFuncsDll\MyExecRefsDll\Debug\CL.read.1.tlog
F:\编程\VS2010\MathFuncsDll\MyExecRefsDll\Debug\CL.write.1.tlog
F:\编程\VS2010\MathFuncsDll\MyExecRefsDll\Debug\link.12264.read.1.tlog
F:\编程\VS2010\MathFuncsDll\MyExecRefsDll\Debug\link.12264.write.1.tlog
F:\编程\VS2010\MathFuncsDll\MyExecRefsDll\Debug\link.12264-cvtres.read.1.tlog
F:\编程\VS2010\MathFuncsDll\MyExecRefsDll\Debug\link.12264-cvtres.write.1.tlog
F:\编程\VS2010\MathFuncsDll\MyExecRefsDll\Debug\link.command.1.tlog
F:\编程\VS2010\MathFuncsDll\MyExecRefsDll\Debug\link.read.1.tlog
F:\编程\VS2010\MathFuncsDll\MyExecRefsDll\Debug\link.write.1.tlog
F:\编程\VS2010\MathFuncsDll\MyExecRefsDll\Debug\link-cvtres.read.1.tlog
F:\编程\VS2010\MathFuncsDll\MyExecRefsDll\Debug\link-cvtres.write.1.tlog
F:\编程\VS2010\MathFuncsDll\MyExecRefsDll\Debug\mt.command.1.tlog
F:\编程\VS2010\MathFuncsDll\MyExecRefsDll\Debug\mt.read.1.tlog
F:\编程\VS2010\MathFuncsDll\MyExecRefsDll\Debug\mt.write.1.tlog
F:\编程\VS2010\MathFuncsDll\MyExecRefsDll\Debug\MyExecRefsDll.exe.embed.manifest
F:\编程\VS2010\MathFuncsDll\MyExecRefsDll\Debug\MyExecRefsDll.exe.embed.manifest.res
F:\编程\VS2010\MathFuncsDll\MyExecRefsDll\Debug\MyExecRefsDll.exe.intermediate.manifest
F:\编程\VS2010\MathFuncsDll\MyExecRefsDll\Debug\MyExecRefsDll.vcxprojResolveAssemblyReference.cache
F:\编程\VS2010\MathFuncsDll\MyExecRefsDll\Debug\MyExecRefsDll.write.1.tlog
F:\编程\VS2010\MathFuncsDll\MyExecRefsDll\Debug\MyExecRefsDll_manifest.rc
F:\编程\VS2010\MathFuncsDll\MyExecRefsDll\Debug\rc.command.1.tlog
F:\编程\VS2010\MathFuncsDll\MyExecRefsDll\Debug\rc.read.1.tlog
F:\编程\VS2010\MathFuncsDll\MyExecRefsDll\Debug\rc.write.1.tlog
F:\编程\VS2010\MathFuncsDll\MyExecRefsDll\Debug\vc100.idb
F:\编程\VS2010\MATHFUNCSDLL\MYEXECREFSDLL\DEBUG\VC100.PDB
